{"level":"DEBUG","time":"2021-07-18T18:46:41.674+0800","caller":"giligili/main.go:64","msg":"logger init success"}
{"level":"DEBUG","time":"2021-07-18T18:47:16.157+0800","caller":"giligili/main.go:64","msg":"logger init success"}
{"level":"INFO","time":"2021-07-18T18:51:00.487+0800","caller":"giligili/main.go:110","msg":"Shutdown Server ..."}
{"level":"INFO","time":"2021-07-18T18:51:00.497+0800","caller":"giligili/main.go:120","msg":"Server exiting"}
{"level":"DEBUG","time":"2021-07-18T18:51:05.033+0800","caller":"giligili/main.go:64","msg":"logger init success"}
{"level":"INFO","time":"2021-07-18T18:51:38.176+0800","caller":"logger/logger.go:80","msg":"/api/v1/ping     ","status":200,"method":"POST","path":"/api/v1/ping     ","query":"","ip":"127.0.0.1","user-agent":"PostmanRuntime/7.28.1","errors":"","cost":0.0008956}
{"level":"INFO","time":"2021-07-18T18:53:18.209+0800","caller":"giligili/main.go:110","msg":"Shutdown Server ..."}
{"level":"INFO","time":"2021-07-18T18:53:18.216+0800","caller":"giligili/main.go:120","msg":"Server exiting"}
{"level":"DEBUG","time":"2021-07-18T18:53:21.883+0800","caller":"giligili/main.go:64","msg":"logger init success"}
{"level":"INFO","time":"2021-07-18T18:53:23.765+0800","caller":"logger/logger.go:80","msg":"/api/v1/ping     ","status":200,"method":"POST","path":"/api/v1/ping     ","query":"","ip":"127.0.0.1","user-agent":"PostmanRuntime/7.28.1","errors":"","cost":0.0005441}
{"level":"INFO","time":"2021-07-18T18:53:53.653+0800","caller":"logger/logger.go:80","msg":"/api/v1/ping","status":200,"method":"POST","path":"/api/v1/ping","query":"","ip":"127.0.0.1","user-agent":"PostmanRuntime/7.28.1","errors":"","cost":0}
{"level":"INFO","time":"2021-07-18T18:58:29.368+0800","caller":"giligili/main.go:110","msg":"Shutdown Server ..."}
{"level":"INFO","time":"2021-07-18T18:58:29.373+0800","caller":"giligili/main.go:120","msg":"Server exiting"}
{"level":"DEBUG","time":"2021-07-18T19:04:12.678+0800","caller":"giligili/main.go:64","msg":"logger init success"}
{"level":"INFO","time":"2021-07-18T19:04:17.173+0800","caller":"logger/logger.go:80","msg":"/api/v1/video","status":200,"method":"POST","path":"/api/v1/video","query":"","ip":"127.0.0.1","user-agent":"PostmanRuntime/7.28.1","errors":"","cost":0.0006971}
{"level":"INFO","time":"2021-07-18T19:06:43.067+0800","caller":"giligili/main.go:110","msg":"Shutdown Server ..."}
{"level":"INFO","time":"2021-07-18T19:06:43.069+0800","caller":"giligili/main.go:120","msg":"Server exiting"}
{"level":"DEBUG","time":"2021-07-18T19:16:35.651+0800","caller":"giligili/main.go:64","msg":"logger init success"}
{"level":"INFO","time":"2021-07-18T19:41:39.627+0800","caller":"giligili/main.go:110","msg":"Shutdown Server ..."}
{"level":"INFO","time":"2021-07-18T19:41:39.763+0800","caller":"giligili/main.go:120","msg":"Server exiting"}
{"level":"DEBUG","time":"2021-07-18T21:59:57.176+0800","caller":"giligili/main.go:64","msg":"logger init success"}
{"level":"INFO","time":"2021-07-18T22:01:16.245+0800","caller":"giligili/main.go:110","msg":"Shutdown Server ..."}
{"level":"INFO","time":"2021-07-18T22:01:16.260+0800","caller":"giligili/main.go:120","msg":"Server exiting"}
{"level":"DEBUG","time":"2021-07-18T22:01:26.034+0800","caller":"giligili/main.go:64","msg":"logger init success"}
{"level":"INFO","time":"2021-07-18T22:01:51.929+0800","caller":"logger/logger.go:80","msg":"/api/v1/video","status":200,"method":"POST","path":"/api/v1/video","query":"","ip":"127.0.0.1","user-agent":"PostmanRuntime/7.28.1","errors":"","cost":0.0263575}
{"level":"INFO","time":"2021-07-18T22:06:26.450+0800","caller":"giligili/main.go:110","msg":"Shutdown Server ..."}
{"level":"INFO","time":"2021-07-18T22:06:26.465+0800","caller":"giligili/main.go:120","msg":"Server exiting"}
{"level":"DEBUG","time":"2021-07-18T22:06:34.313+0800","caller":"giligili/main.go:64","msg":"logger init success"}
{"level":"INFO","time":"2021-07-18T22:07:29.090+0800","caller":"logger/logger.go:80","msg":"/api/v1/video","status":200,"method":"POST","path":"/api/v1/video","query":"","ip":"127.0.0.1","user-agent":"PostmanRuntime/7.28.1","errors":"","cost":0.0305639}
{"level":"INFO","time":"2021-07-18T22:08:21.068+0800","caller":"giligili/main.go:110","msg":"Shutdown Server ..."}
{"level":"INFO","time":"2021-07-18T22:08:21.069+0800","caller":"giligili/main.go:120","msg":"Server exiting"}
